[debug] [2021-10-20T15:19:05.564Z] ----------------------------------------------------------------------
[debug] [2021-10-20T15:19:05.566Z] Command:       C:\Program Files\nodejs\node.exe C:\Users\User\AppData\Roaming\npm\node_modules\firebase-tools\lib\bin\firebase.js deploy
[debug] [2021-10-20T15:19:05.566Z] CLI Version:   9.20.0
[debug] [2021-10-20T15:19:05.566Z] Platform:      win32
[debug] [2021-10-20T15:19:05.566Z] Node Version:  v14.17.1
[debug] [2021-10-20T15:19:05.567Z] Time:          Wed Oct 20 2021 21:19:05 GMT+0600 (Bangladesh Standard Time)
[debug] [2021-10-20T15:19:05.567Z] ----------------------------------------------------------------------
[debug] 
[debug] [2021-10-20T15:19:05.623Z] > command requires scopes: ["email","openid","https://www.googleapis.com/auth/cloudplatformprojects.readonly","https://www.googleapis.com/auth/firebase","https://www.googleapis.com/auth/cloud-platform"]
[debug] [2021-10-20T15:19:05.623Z] > authorizing via signed-in user (xyzmasum1134@gmail.com)
[debug] [2021-10-20T15:19:05.623Z] [iam] checking project hospital-website-35ae6 for permissions ["firebase.projects.get","firebasehosting.sites.update"]
[debug] [2021-10-20T15:19:05.625Z] >>> HTTP REQUEST POST https://cloudresourcemanager.googleapis.com/v1/projects/hospital-website-35ae6:testIamPermissions  
 {"permissions":["firebase.projects.get","firebasehosting.sites.update"]}
[debug] [2021-10-20T15:19:10.874Z] <<< HTTP RESPONSE 200 {"content-type":"application/json; charset=UTF-8","vary":"X-Origin, Referer, Origin,Accept-Encoding","date":"Wed, 20 Oct 2021 15:19:11 GMT","server":"ESF","cache-control":"private","x-xss-protection":"0","x-frame-options":"SAMEORIGIN","x-content-type-options":"nosniff","server-timing":"gfet4t7; dur=1166","alt-svc":"h3=\":443\"; ma=2592000,h3-29=\":443\"; ma=2592000,h3-Q050=\":443\"; ma=2592000,h3-Q046=\":443\"; ma=2592000,h3-Q043=\":443\"; ma=2592000","accept-ranges":"none","transfer-encoding":"chunked"}
[debug] [2021-10-20T15:19:10.875Z] > refreshing access token with scopes: []
[debug] [2021-10-20T15:19:10.875Z] >>> HTTP REQUEST POST https://www.googleapis.com/oauth2/v3/token  
 <request body omitted>
[debug] [2021-10-20T15:19:11.188Z] <<< HTTP RESPONSE 200 {"cache-control":"no-cache, no-store, max-age=0, must-revalidate","expires":"Mon, 01 Jan 1990 00:00:00 GMT","date":"Wed, 20 Oct 2021 15:19:11 GMT","pragma":"no-cache","content-type":"application/json; charset=utf-8","vary":"X-Origin, Referer, Origin,Accept-Encoding","server":"scaffolding on HTTPServer2","x-xss-protection":"0","x-frame-options":"SAMEORIGIN","x-content-type-options":"nosniff","alt-svc":"h3=\":443\"; ma=2592000,h3-29=\":443\"; ma=2592000,h3-Q050=\":443\"; ma=2592000,h3-Q046=\":443\"; ma=2592000,h3-Q043=\":443\"; ma=2592000","accept-ranges":"none","transfer-encoding":"chunked"}
[debug] [2021-10-20T15:19:11.195Z] >>> [apiv2][query] GET https://firebase.googleapis.com/v1beta1/projects/hospital-website-35ae6 [none]
[debug] [2021-10-20T15:19:12.756Z] <<< [apiv2][status] GET https://firebase.googleapis.com/v1beta1/projects/hospital-website-35ae6 200
[debug] [2021-10-20T15:19:12.756Z] <<< [apiv2][body] GET https://firebase.googleapis.com/v1beta1/projects/hospital-website-35ae6 {"projectId":"hospital-website-35ae6","projectNumber":"88291602134","displayName":"Hospital Website","name":"projects/hospital-website-35ae6","resources":{"hostingSite":"hospital-website-35ae6"},"state":"ACTIVE"}
[info] 
[info] === Deploying to 'hospital-website-35ae6'...
[info] 
[info] i  deploying hosting 
[debug] [2021-10-20T15:19:12.759Z] > refreshing access token with scopes: ["email","https://www.googleapis.com/auth/cloud-platform","https://www.googleapis.com/auth/cloudplatformprojects.readonly","https://www.googleapis.com/auth/firebase","openid"]
[debug] [2021-10-20T15:19:12.759Z] >>> HTTP REQUEST POST https://www.googleapis.com/oauth2/v3/token  
 <request body omitted>
[debug] [2021-10-20T15:19:15.058Z] <<< HTTP RESPONSE 200 {"pragma":"no-cache","cache-control":"no-cache, no-store, max-age=0, must-revalidate","date":"Wed, 20 Oct 2021 15:19:15 GMT","expires":"Mon, 01 Jan 1990 00:00:00 GMT","content-type":"application/json; charset=utf-8","vary":"X-Origin, Referer, Origin,Accept-Encoding","server":"scaffolding on HTTPServer2","x-xss-protection":"0","x-frame-options":"SAMEORIGIN","x-content-type-options":"nosniff","alt-svc":"h3=\":443\"; ma=2592000,h3-29=\":443\"; ma=2592000,h3-Q050=\":443\"; ma=2592000,h3-Q046=\":443\"; ma=2592000,h3-Q043=\":443\"; ma=2592000","accept-ranges":"none","transfer-encoding":"chunked"}
[debug] [2021-10-20T15:19:15.063Z] >>> HTTP REQUEST POST https://firebasehosting.googleapis.com/v1beta1/sites/hospital-website-35ae6/versions  
 {"config":{"rewrites":[{"glob":"**","path":"/index.html"}]},"labels":{"deployment-tool":"cli-firebase"}}
[debug] [2021-10-20T15:19:17.002Z] <<< HTTP RESPONSE 200 {"content-type":"application/json; charset=UTF-8","vary":"X-Origin, Referer, Origin,Accept-Encoding","date":"Wed, 20 Oct 2021 15:19:17 GMT","server":"ESF","cache-control":"private","x-xss-protection":"0","x-frame-options":"SAMEORIGIN","x-content-type-options":"nosniff","alt-svc":"h3=\":443\"; ma=2592000,h3-29=\":443\"; ma=2592000,h3-T051=\":443\"; ma=2592000,h3-Q050=\":443\"; ma=2592000,h3-Q046=\":443\"; ma=2592000,h3-Q043=\":443\"; ma=2592000,quic=\":443\"; ma=2592000; v=\"46,43\"","accept-ranges":"none","transfer-encoding":"chunked"}
[info] i  hosting[hospital-website-35ae6]: beginning deploy... 
[info] i  hosting[hospital-website-35ae6]: found 29 files in build 
[debug] [2021-10-20T15:19:17.359Z] > refreshing access token with scopes: []
[debug] [2021-10-20T15:19:17.360Z] >>> HTTP REQUEST POST https://www.googleapis.com/oauth2/v3/token  
 <request body omitted>
[debug] [2021-10-20T15:19:17.362Z] [hosting] hash cache [YnVpbGQ] stored for 29 files
[debug] [2021-10-20T15:19:17.362Z] [hosting][hash queue][FINAL] {"max":340,"min":4,"avg":52.241379310344826,"active":0,"complete":29,"success":29,"errored":0,"retried":0,"total":29,"elapsed":347}
[debug] [2021-10-20T15:19:18.575Z] <<< HTTP RESPONSE 200 {"cache-control":"no-cache, no-store, max-age=0, must-revalidate","date":"Wed, 20 Oct 2021 15:19:19 GMT","pragma":"no-cache","expires":"Mon, 01 Jan 1990 00:00:00 GMT","content-type":"application/json; charset=utf-8","vary":"X-Origin, Referer, Origin,Accept-Encoding","server":"scaffolding on HTTPServer2","x-xss-protection":"0","x-frame-options":"SAMEORIGIN","x-content-type-options":"nosniff","alt-svc":"h3=\":443\"; ma=2592000,h3-29=\":443\"; ma=2592000,h3-Q050=\":443\"; ma=2592000,h3-Q046=\":443\"; ma=2592000,h3-Q043=\":443\"; ma=2592000","accept-ranges":"none","transfer-encoding":"chunked"}
[debug] [2021-10-20T15:19:18.581Z] >>> [apiv2][query] POST https://firebasehosting.googleapis.com/v1beta1/sites/hospital-website-35ae6/versions/1f822590ce498568:populateFiles [none]
[debug] [2021-10-20T15:19:18.581Z] >>> [apiv2][body] POST https://firebasehosting.googleapis.com/v1beta1/sites/hospital-website-35ae6/versions/1f822590ce498568:populateFiles {"files":{"/doctor.json":"c68ee17737978350f0b3fd2a9a2b4d3867fb95a7ff9ab8a6aa6a1e4bc4d8bb6c","/equipment.json":"4e9e89a4b8a89f26ff42d31383a8c3981e5a1a3f98b2d70b30ad90b599525c48","/favicon.ico":"eae62e993eb980ec8a25058c39d5a51feab118bd2100c4deebb2a9c158ec11f9","/logo192.png":"3ee59515172ee198f3be375979df15ac5345183e656720a381b8872b2a39dc8b","/logo512.png":"ee7e2f3fdb8209c4b6fd7bef6ba50d1b9dba30a25bb5c3126df057e1cb6f5331","/manifest.json":"aff3449bdc238776f5d6d967f19ec491b36aed5fb7f23ccff6500736fd58494a","/robots.txt":"bfe106a3fb878dc83461c86818bf74fc1bdc7f28538ba613cd3e775516ce8b49","/service.json":"90b2c840064b2e5d3f536bb00753bf64500f5a44dd5e61b68b7c97b5c9cdbd9e","/serviceDetails.json":"0a18fc1ace388731debb6077be62f3a381f7c7909588b312270d70dfd35a9af1","/asset-manifest.json":"735e30b185bde3e7e6fdf7290ee336113374272ef90e6aa5ff0e78c468157e5a","/index.html":"3a359668f450ef3921cfe205bb5399fc3154ae8393d12382c606fb5bf5cae93f","/static/css/main.2572b6ad.chunk.css":"80a8e9de0ddcf26c3786262e4382755169d934c2967ea644e343d315f24c2bbb","/static/js/2.11672f27.chunk.js.LICENSE.txt":"99fb9ee118d3843a3c1c388db280c7f606b3753c45a9d366235ef290a424f2b3","/static/css/main.2572b6ad.chunk.css.map":"78238f7f7070764163cc246cb7a1a47284fb99e9534a3309d00c1180cd7a560b","/static/js/3.b55f0330.chunk.js":"39bedd59c6074af0bd9f75877d2d8e67bd583095020f994153e0ea862696b4cc","/static/js/3.b55f0330.chunk.js.map":"e6496b8fcc83641e6f49f95225e528aa275b2b6a628a31cb2db1747e71afe498","/static/js/runtime-main.30ac64de.js":"9ee817f455b3a5e3ae8aef86644a203efdff176f1b3edda3878b86e545bf7f1e","/static/js/main.45352a1b.chunk.js":"dd4bf123e38c68d2b8e27bd328d98867b2152c60a1a8e5dd84910140a55d3483","/static/js/main.45352a1b.chunk.js.map":"e050dcf9b8a219687d0c8c51fda0a19f09718223b94406caa1e8b4739eba95ba","/static/js/runtime-main.30ac64de.js.map":"364fbff88c525cd8478c4177e2f9d718a529825823ce0e810a857336af690c4a","/static/css/2.c1256375.chunk.css":"8acb4e081ecdb0935bf3d2f5e7464f0688948372639174fd7cdc40f5db24bb77","/static/media/logo.e666ad5b.png":"b3079670157c39eecb1114116cca6e85776af1160bc198949371136453bf12ae","/static/css/2.c1256375.chunk.css.map":"5a1d7d871e2c5292e4d32d75371cb1b3fe971eaf6ebf47d38c9c730496e51f38","/static/js/2.11672f27.chunk.js":"a45c09d5ef8c9c645716ad25de5fa38efea36dd1c89ecb97bcafc8aa692eb822","/static/media/1.f36a5baf.jpg":"85045c608bcec02ae699bc7e6b2d79f73f4756408d767816ea43b0e2a6704daa","/static/media/2.db24d4a3.jpg":"8349ebb0ab4117caf6bd2921fb53ac74d84bcf127854744f4359091e35574aa1","/static/media/Banner.48be66e3.jpg":"589acda3cc40a1a169da7db582984791d422081421a0b7401f4ed78ccbe18449","/static/media/3.b177082d.jpg":"334959ae4feb9a466fff527a8acfb29242bcde7b46b3259e0cd16eb9d99051df","/static/js/2.11672f27.chunk.js.map":"f0f5dbf4a21a8d262cfeea98a53417970caf730f3a79400876d47f0089fde128"}}
[debug] [2021-10-20T15:19:20.267Z] <<< [apiv2][status] POST https://firebasehosting.googleapis.com/v1beta1/sites/hospital-website-35ae6/versions/1f822590ce498568:populateFiles 200
[debug] [2021-10-20T15:19:20.267Z] <<< [apiv2][body] POST https://firebasehosting.googleapis.com/v1beta1/sites/hospital-website-35ae6/versions/1f822590ce498568:populateFiles {"uploadUrl":"https://upload-firebasehosting.googleapis.com/upload/sites/hospital-website-35ae6/versions/1f822590ce498568/files"}
[debug] [2021-10-20T15:19:20.267Z] [hosting][populate queue][FINAL] {"max":2909,"min":2909,"avg":2909,"active":0,"complete":1,"success":1,"errored":0,"retried":0,"total":1,"elapsed":2909}
[debug] [2021-10-20T15:19:20.268Z] [hosting] uploads queued: 0
[debug] [2021-10-20T15:19:20.268Z] [hosting][upload queue][FINAL] {"max":0,"min":9999999999,"avg":0,"active":0,"complete":0,"success":0,"errored":0,"retried":0,"total":0,"elapsed":1634743160268}
[info] +  hosting[hospital-website-35ae6]: file upload complete 
[debug] [2021-10-20T15:19:20.268Z] [hosting] deploy completed after 3265ms
[debug] [2021-10-20T15:19:20.270Z] [
  {
    "config": {
      "public": "build",
      "rewrites": [
        {
          "source": "**",
          "destination": "/index.html"
        }
      ],
      "ignore": [
        "firebase.json",
        "**/.*",
        "**/node_modules/**"
      ],
      "site": "hospital-website-35ae6"
    },
    "site": "hospital-website-35ae6",
    "version": "sites/hospital-website-35ae6/versions/1f822590ce498568"
  }
]
[info] i  hosting[hospital-website-35ae6]: finalizing version... 
[debug] [2021-10-20T15:19:20.271Z] > refreshing access token with scopes: ["email","https://www.googleapis.com/auth/cloud-platform","https://www.googleapis.com/auth/cloudplatformprojects.readonly","https://www.googleapis.com/auth/firebase","openid"]
[debug] [2021-10-20T15:19:20.271Z] >>> HTTP REQUEST POST https://www.googleapis.com/oauth2/v3/token  
 <request body omitted>
[debug] [2021-10-20T15:19:20.494Z] <<< HTTP RESPONSE 200 {"expires":"Mon, 01 Jan 1990 00:00:00 GMT","cache-control":"no-cache, no-store, max-age=0, must-revalidate","pragma":"no-cache","date":"Wed, 20 Oct 2021 15:19:20 GMT","content-type":"application/json; charset=utf-8","vary":"X-Origin, Referer, Origin,Accept-Encoding","server":"scaffolding on HTTPServer2","x-xss-protection":"0","x-frame-options":"SAMEORIGIN","x-content-type-options":"nosniff","alt-svc":"h3=\":443\"; ma=2592000,h3-29=\":443\"; ma=2592000,h3-Q050=\":443\"; ma=2592000,h3-Q046=\":443\"; ma=2592000,h3-Q043=\":443\"; ma=2592000","accept-ranges":"none","transfer-encoding":"chunked"}
[debug] [2021-10-20T15:19:20.498Z] >>> HTTP REQUEST PATCH https://firebasehosting.googleapis.com/v1beta1/sites/hospital-website-35ae6/versions/1f822590ce498568?updateMask=status  
 {"status":"FINALIZED"}
[debug] [2021-10-20T15:19:22.175Z] <<< HTTP RESPONSE 200 {"content-type":"application/json; charset=UTF-8","vary":"X-Origin, Referer, Origin,Accept-Encoding","date":"Wed, 20 Oct 2021 15:19:22 GMT","server":"ESF","cache-control":"private","x-xss-protection":"0","x-frame-options":"SAMEORIGIN","x-content-type-options":"nosniff","alt-svc":"h3=\":443\"; ma=2592000,h3-29=\":443\"; ma=2592000,h3-T051=\":443\"; ma=2592000,h3-Q050=\":443\"; ma=2592000,h3-Q046=\":443\"; ma=2592000,h3-Q043=\":443\"; ma=2592000,quic=\":443\"; ma=2592000; v=\"46,43\"","accept-ranges":"none","transfer-encoding":"chunked"}
[debug] [2021-10-20T15:19:22.175Z] [hosting] finalized version for hospital-website-35ae6: {"name":"sites/hospital-website-35ae6/versions/1f822590ce498568","status":"FINALIZED","config":{"rewrites":[{"glob":"**","path":"/index.html"}]},"labels":{"deployment-tool":"cli-firebase"},"createTime":"2021-10-20T15:19:17.136430Z","createUser":{"email":"xyzmasum1134@gmail.com"},"finalizeTime":"2021-10-20T15:19:22.550584Z","finalizeUser":{"email":"xyzmasum1134@gmail.com"}}
[info] +  hosting[hospital-website-35ae6]: version finalized 
[info] i  hosting[hospital-website-35ae6]: releasing new version... 
[debug] [2021-10-20T15:19:22.177Z] >>> HTTP REQUEST POST https://firebasehosting.googleapis.com/v1beta1/sites/hospital-website-35ae6/releases?version_name=sites/hospital-website-35ae6/versions/1f822590ce498568  
 {"message":null}
[debug] [2021-10-20T15:19:24.779Z] <<< HTTP RESPONSE 200 {"content-type":"application/json; charset=UTF-8","vary":"X-Origin, Referer, Origin,Accept-Encoding","date":"Wed, 20 Oct 2021 15:19:25 GMT","server":"ESF","cache-control":"private","x-xss-protection":"0","x-frame-options":"SAMEORIGIN","x-content-type-options":"nosniff","alt-svc":"h3=\":443\"; ma=2592000,h3-29=\":443\"; ma=2592000,h3-T051=\":443\"; ma=2592000,h3-Q050=\":443\"; ma=2592000,h3-Q046=\":443\"; ma=2592000,h3-Q043=\":443\"; ma=2592000,quic=\":443\"; ma=2592000; v=\"46,43\"","accept-ranges":"none","transfer-encoding":"chunked"}
[debug] [2021-10-20T15:19:24.779Z] [hosting] release: {"name":"sites/hospital-website-35ae6/releases/1634743164616416","version":{"name":"sites/hospital-website-35ae6/versions/1f822590ce498568","status":"FINALIZED","config":{"rewrites":[{"glob":"**","path":"/index.html"}]},"labels":{"deployment-tool":"cli-firebase"},"createTime":"2021-10-20T15:19:17.136430Z","createUser":{"email":"xyzmasum1134@gmail.com"},"finalizeTime":"2021-10-20T15:19:22.550584Z","finalizeUser":{"email":"xyzmasum1134@gmail.com"}},"type":"DEPLOY","releaseTime":"2021-10-20T15:19:24.616416408Z","releaseUser":{"email":"xyzmasum1134@gmail.com"}}
[info] +  hosting[hospital-website-35ae6]: release complete 
[info] 
[info] +  Deploy complete! 
[info] 
[info] Project Console: https://console.firebase.google.com/project/hospital-website-35ae6/overview
[info] Hosting URL: https://hospital-website-35ae6.web.app
